# JRE version: Java(TM) SE Runtime Environment (8.0_101-b13) (build 1.8.0_101-b13)
# Java VM: Java HotSpot(TM) Client VM (25.101-b13 mixed mode windows-x86 )
Heap:
 def new generation   total 21568K, used 11220K [0x05000000, 0x06760000, 0x0a550000)
  eden space 19200K,  55% used [0x05000000, 0x05a75320, 0x062c0000)
  from space 2368K,  21% used [0x06510000, 0x0658fd30, 0x06760000)
  to   space 2368K,   0% used [0x062c0000, 0x062c0000, 0x06510000)
 tenured generation   total 47812K, used 41793K [0x0a550000, 0x0d401000, 0x15000000)
   the space 47812K,  87% used [0x0a550000, 0x0ce20548, 0x0ce20600, 0x0d401000)
 Metaspace       used 9553K, capacity 9725K, committed 9856K, reserved 10624K
GC Heap History (10 events):
Event: 433.290 GC heap before
{Heap before GC invocations=97 (full 1):
 def new generation   total 21568K, used 19516K [0x05000000, 0x06760000, 0x0a550000)
  eden space 19200K, 100% used [0x05000000, 0x062c0000, 0x062c0000)
  from space 2368K,  13% used [0x062c0000, 0x0630f1c8, 0x06510000)
  to   space 2368K,   0% used [0x06510000, 0x06510000, 0x06760000)
 tenured generation   total 47812K, used 41709K [0x0a550000, 0x0d401000, 0x15000000)
   the space 47812K,  87% used [0x0a550000, 0x0ce0b778, 0x0ce0b800, 0x0d401000)
 Metaspace       used 9553K, capacity 9725K, committed 9856K, reserved 10624K
Event: 433.293 GC heap after
Heap after GC invocations=98 (full 1):
 def new generation   total 21568K, used 383K [0x05000000, 0x06760000, 0x0a550000)
  eden space 19200K,   0% used [0x05000000, 0x05000000, 0x062c0000)
  from space 2368K,  16% used [0x06510000, 0x0656fd60, 0x06760000)
  to   space 2368K,   0% used [0x062c0000, 0x062c0000, 0x06510000)
 tenured generation   total 47812K, used 41726K [0x0a550000, 0x0d401000, 0x15000000)
   the space 47812K,  87% used [0x0a550000, 0x0ce0fa68, 0x0ce0fc00, 0x0d401000)
 Metaspace       used 9553K, capacity 9725K, committed 9856K, reserved 10624K
}
Event: 443.566 GC heap before
{Heap before GC invocations=98 (full 1):
 def new generation   total 21568K, used 19583K [0x05000000, 0x06760000, 0x0a550000)
  eden space 19200K, 100% used [0x05000000, 0x062c0000, 0x062c0000)
  from space 2368K,  16% used [0x06510000, 0x0656fd60, 0x06760000)
  to   space 2368K,   0% used [0x062c0000, 0x062c0000, 0x06510000)
 tenured generation   total 47812K, used 41726K [0x0a550000, 0x0d401000, 0x15000000)
   the space 47812K,  87% used [0x0a550000, 0x0ce0fa68, 0x0ce0fc00, 0x0d401000)
 Metaspace       used 9553K, capacity 9725K, committed 9856K, reserved 10624K
Event: 443.571 GC heap after
Heap after GC invocations=99 (full 1):
 def new generation   total 21568K, used 444K [0x05000000, 0x06760000, 0x0a550000)
  eden space 19200K,   0% used [0x05000000, 0x05000000, 0x062c0000)
  from space 2368K,  18% used [0x062c0000, 0x0632f040, 0x06510000)
  to   space 2368K,   0% used [0x06510000, 0x06510000, 0x06760000)
 tenured generation   total 47812K, used 41743K [0x0a550000, 0x0d401000, 0x15000000)
   the space 47812K,  87% used [0x0a550000, 0x0ce13ce8, 0x0ce13e00, 0x0d401000)
 Metaspace       used 9553K, capacity 9725K, committed 9856K, reserved 10624K
}
Event: 455.125 GC heap before
{Heap before GC invocations=99 (full 1):
 def new generation   total 21568K, used 19644K [0x05000000, 0x06760000, 0x0a550000)
  eden space 19200K, 100% used [0x05000000, 0x062c0000, 0x062c0000)
  from space 2368K,  18% used [0x062c0000, 0x0632f040, 0x06510000)
  to   space 2368K,   0% used [0x06510000, 0x06510000, 0x06760000)
 tenured generation   total 47812K, used 41743K [0x0a550000, 0x0d401000, 0x15000000)
   the space 47812K,  87% used [0x0a550000, 0x0ce13ce8, 0x0ce13e00, 0x0d401000)
 Metaspace       used 9553K, capacity 9725K, committed 9856K, reserved 10624K
Event: 455.130 GC heap after
Heap after GC invocations=100 (full 1):
 def new generation   total 21568K, used 511K [0x05000000, 0x06760000, 0x0a550000)
  eden space 19200K,   0% used [0x05000000, 0x05000000, 0x062c0000)
  from space 2368K,  21% used [0x06510000, 0x0658fd18, 0x06760000)
  to   space 2368K,   0% used [0x062c0000, 0x062c0000, 0x06510000)
 tenured generation   total 47812K, used 41759K [0x0a550000, 0x0d401000, 0x15000000)
   the space 47812K,  87% used [0x0a550000, 0x0ce17fd8, 0x0ce18000, 0x0d401000)
 Metaspace       used 9553K, capacity 9725K, committed 9856K, reserved 10624K
}
Event: 463.941 GC heap before
{Heap before GC invocations=100 (full 1):
 def new generation   total 21568K, used 19711K [0x05000000, 0x06760000, 0x0a550000)
  eden space 19200K, 100% used [0x05000000, 0x062c0000, 0x062c0000)
  from space 2368K,  21% used [0x06510000, 0x0658fd18, 0x06760000)
  to   space 2368K,   0% used [0x062c0000, 0x062c0000, 0x06510000)
 tenured generation   total 47812K, used 41759K [0x0a550000, 0x0d401000, 0x15000000)
   the space 47812K,  87% used [0x0a550000, 0x0ce17fd8, 0x0ce18000, 0x0d401000)
 Metaspace       used 9553K, capacity 9725K, committed 9856K, reserved 10624K
Event: 463.946 GC heap after
Heap after GC invocations=101 (full 1):
 def new generation   total 21568K, used 444K [0x05000000, 0x06760000, 0x0a550000)
  eden space 19200K,   0% used [0x05000000, 0x05000000, 0x062c0000)
  from space 2368K,  18% used [0x062c0000, 0x0632f168, 0x06510000)
  to   space 2368K,   0% used [0x06510000, 0x06510000, 0x06760000)
 tenured generation   total 47812K, used 41776K [0x0a550000, 0x0d401000, 0x15000000)
   the space 47812K,  87% used [0x0a550000, 0x0ce1c258, 0x0ce1c400, 0x0d401000)
 Metaspace       used 9553K, capacity 9725K, committed 9856K, reserved 10624K
}
Event: 474.652 GC heap before
{Heap before GC invocations=101 (full 1):
 def new generation   total 21568K, used 19644K [0x05000000, 0x06760000, 0x0a550000)
  eden space 19200K, 100% used [0x05000000, 0x062c0000, 0x062c0000)
  from space 2368K,  18% used [0x062c0000, 0x0632f168, 0x06510000)
  to   space 2368K,   0% used [0x06510000, 0x06510000, 0x06760000)
 tenured generation   total 47812K, used 41776K [0x0a550000, 0x0d401000, 0x15000000)
   the space 47812K,  87% used [0x0a550000, 0x0ce1c258, 0x0ce1c400, 0x0d401000)
 Metaspace       used 9553K, capacity 9725K, committed 9856K, reserved 10624K
Event: 474.658 GC heap after
Heap after GC invocations=102 (full 1):
 def new generation   total 21568K, used 511K [0x05000000, 0x06760000, 0x0a550000)
  eden space 19200K,   0% used [0x05000000, 0x05000000, 0x062c0000)
  from space 2368K,  21% used [0x06510000, 0x0658fd30, 0x06760000)
  to   space 2368K,   0% used [0x062c0000, 0x062c0000, 0x06510000)
 tenured generation   total 47812K, used 41793K [0x0a550000, 0x0d401000, 0x15000000)
   the space 47812K,  87% used [0x0a550000, 0x0ce20548, 0x0ce20600, 0x0d401000)
 Metaspace       used 9553K, capacity 9725K, committed 9856K, reserved 10624K
}

